<?xml version="1.0" encoding="utf-8"?><testsuites name="pytest tests"><testsuite name="pytest" errors="0" failures="1" skipped="0" tests="50" time="8.140" timestamp="2026-08-31T21:24:00.269877+00:00" hostname="agent-env-5e88ea5b-de34-4256-b6ab-3ae56b911dad"><testcase classname="tests.backend_test.TestPlottoData" name="test_categories" time="0.272" /><testcase classname="tests.backend_test.TestAuth" name="test_captcha_format" time="0.268" /><testcase classname="tests.backend_test.TestAuth" name="test_admin_login_and_me" time="0.576" /><testcase classname="tests.backend_test.TestPlottoData" name="test_clauses" time="0.142" /><testcase classname="tests.backend_test.TestPlottoData" name="test_characters" time="0.032"><failure message="AssertionError: 66&#10;assert 66 == 54&#10; +  where 66 = len([{'designation': 'A', 'sex': 'male', 'description': 'male protagonist'}, {'designation': 'A-2', 'sex': 'male', 'description': 'male friend of A'}, {'designation': 'A-3', 'sex': 'male', 'description': 'male rival or enemy of A'}, {'designation': 'A-4', 'sex': 'male', 'description': 'male stranger'}, {'designation': 'A-5', 'sex': 'male', 'description': 'male criminal'}, {'designation': 'A-6', 'sex': 'male', 'description': 'male officer of the law'}, ...])">tests/backend_test.py:112: in test_characters
    assert len(d) == 54, len(d)
E   AssertionError: 66
E   assert 66 == 54
E    +  where 66 = len([{'designation': 'A', 'sex': 'male', 'description': 'male protagonist'}, {'designation': 'A-2', 'sex': 'male', 'description': 'male friend of A'}, {'designation': 'A-3', 'sex': 'male', 'description': 'male rival or enemy of A'}, {'designation': 'A-4', 'sex': 'male', 'description': 'male stranger'}, {'designation': 'A-5', 'sex': 'male', 'description': 'male criminal'}, {'designation': 'A-6', 'sex': 'male', 'description': 'male officer of the law'}, ...])</failure></testcase><testcase classname="tests.backend_test.TestPlottoData" name="test_conflicts_default_pagination" time="0.256" /><testcase classname="tests.backend_test.TestPlottoData" name="test_conflicts_page_2_differs" time="0.073" /><testcase classname="tests.backend_test.TestPlottoData" name="test_conflicts_search" time="0.126" /><testcase classname="tests.backend_test.TestPlottoData" name="test_conflicts_category_filter" time="0.246" /><testcase classname="tests.backend_test.TestPlottoData" name="test_conflicts_subcategory_filter" time="0.067" /><testcase classname="tests.backend_test.TestAuth" name="test_register_flow" time="0.450" /><testcase classname="tests.backend_test.TestPlottoData" name="test_conflicts_invalid_limit" time="0.101" /><testcase classname="tests.backend_test.TestAuth" name="test_duplicate_register_rejected" time="0.181" /><testcase classname="tests.backend_test.TestPlottoData" name="test_conflict_detail" time="0.029" /><testcase classname="tests.backend_test.TestPlottoData" name="test_conflict_detail_404" time="0.030" /><testcase classname="tests.backend_test.TestPlottoData" name="test_cross_reference_links_resolve" time="0.188" /><testcase classname="tests.backend_test.TestAuth" name="test_wrong_captcha_rejected" time="0.141" /><testcase classname="tests.backend_test.TestConflictTreeEnrichment" name="test_detail_has_beginning_ending_flags" time="0.034" /><testcase classname="tests.backend_test.TestAuth" name="test_captcha_single_use" time="0.365" /><testcase classname="tests.backend_test.TestConflictTreeEnrichment" name="test_links_enriched_with_flags_and_modifiers" time="0.052" /><testcase classname="tests.backend_test.TestConflictTreeEnrichment" name="test_at_least_one_modifier_transform_exists" time="0.380" /><testcase classname="tests.backend_test.TestAuth" name="test_wrong_password_rejected" time="0.335" /><testcase classname="tests.backend_test.TestConflictTreeEnrichment" name="test_no_mongo_id_leak" time="0.252" /><testcase classname="tests.backend_test.TestConflictTreeEnrichment" name="test_list_exposes_link_counts" time="0.031" /><testcase classname="tests.backend_test.TestAuth" name="test_me_requires_auth" time="0.114" /><testcase classname="tests.backend_test.TestConflictTreeEnrichment" name="test_beginning_and_ending_conflicts_exist" time="0.069" /><testcase classname="tests.backend_test.TestConflictTreeEnrichment" name="test_characters_have_english_descriptions" time="0.030" /><testcase classname="tests.backend_test.TestAuth" name="test_me_invalid_token" time="0.095" /><testcase classname="tests.backend_test.TestSuggestedConnections" name="test_844b_suggests_94b_and_238" time="0.029" /><testcase classname="tests.backend_test.TestSuggestedConnections" name="test_bidirectional_links" time="0.029" /><testcase classname="tests.backend_test.TestSuggestedConnections" name="test_269_has_multiple_suggestions" time="0.027" /><testcase classname="tests.backend_test.TestSuggestedConnections" name="test_suggestions_never_self_reference" time="0.163" /><testcase classname="tests.backend_test.TestAuth" name="test_bcrypt_hash_format" time="0.068" /><testcase classname="tests.backend_test.TestAuth" name="test_logout_and_refresh" time="0.632" /><testcase classname="tests.backend_test.TestSuggestedConnections" name="test_all_suggested_refs_resolve" time="0.394" /><testcase classname="tests.backend_test.TestSuggestedConnections" name="test_conflict_without_suggestions_returns_empty_list" time="0.029" /><testcase classname="tests.backend_test.TestBookmarks" name="test_requires_auth" time="0.207" /><testcase classname="tests.backend_test.TestAuth" name="test_brute_force_lockout" time="1.900" /><testcase classname="tests.backend_test.TestBookmarks" name="test_add_list_delete" time="1.916" /><testcase classname="tests.backend_test.TestGenericSymbols" name="test_generic_symbols_present_in_legend" time="0.036" /><testcase classname="tests.backend_test.TestGenericSymbols" name="test_numbered_generic_symbols" time="0.032" /><testcase classname="tests.backend_test.TestGenericSymbols" name="test_1108_contains_bare_sn_token" time="0.034" /><testcase classname="tests.backend_test.TestGenericSymbols" name="test_673_us_mail_fixed" time="0.034" /><testcase classname="tests.backend_test.TestBookmarks" name="test_invalid_conflict_404" time="0.072" /><testcase classname="tests.backend_test.TestPlots" name="test_requires_auth" time="0.115" /><testcase classname="tests.backend_test.TestPlots" name="test_plot_crud_and_persistence" time="0.928" /><testcase classname="tests.backend_test.TestBookmarks" name="test_bookmarks_are_user_scoped" time="0.844" /><testcase classname="tests.backend_test.TestHealth" name="test_root" time="0.030" /><testcase classname="tests.backend_test.TestPlots" name="test_validation_empty_title" time="0.112" /><testcase classname="tests.backend_test.TestPlots" name="test_user_cannot_access_other_users_plot" time="1.019" /></testsuite></testsuites>